<?xml version="1.0" encoding="UTF-8"?>
<testng-results skipped="0" failed="0" total="2" passed="2">
  <reporter-output>
  </reporter-output>
  <suite name="Default suite" duration-ms="47724" started-at="2016-05-06T14:24:56Z" finished-at="2016-05-06T14:25:43Z">
    <groups>
    </groups>
    <test name="Default test" duration-ms="47724" started-at="2016-05-06T14:24:56Z" finished-at="2016-05-06T14:25:43Z">
      <class name="appleTesting.IphoneTestcase">
        <test-method status="PASS" signature="beforeTest()[pri:0, instance:appleTesting.IphoneTestcase@5c0369c4]" name="beforeTest" is-config="true" duration-ms="26777" started-at="2016-05-06T15:24:56Z" finished-at="2016-05-06T15:25:23Z">
          <reporter-output>
          </reporter-output>
        </test-method> <!-- beforeTest -->
        <test-method status="PASS" signature="navigationMenuTest()[pri:0, instance:appleTesting.IphoneTestcase@5c0369c4]" name="navigationMenuTest" duration-ms="14938" started-at="2016-05-06T15:25:23Z" description="Check if All Navigation Menu Items are displayed" finished-at="2016-05-06T15:25:37Z">
          <reporter-output>
          </reporter-output>
        </test-method> <!-- navigationMenuTest -->
        <test-method status="PASS" signature="menuItems()[pri:0, instance:appleTesting.IphoneTestcase@5c0369c4]" name="menuItems" duration-ms="5949" started-at="2016-05-06T15:25:37Z" description="Test All Menu Items Are Present " finished-at="2016-05-06T15:25:43Z">
          <reporter-output>
          </reporter-output>
        </test-method> <!-- menuItems -->
        <test-method status="PASS" signature="afterTest()[pri:0, instance:appleTesting.IphoneTestcase@5c0369c4]" name="afterTest" is-config="true" duration-ms="46" started-at="2016-05-06T15:25:43Z" finished-at="2016-05-06T15:25:43Z">
          <reporter-output>
          </reporter-output>
        </test-method> <!-- afterTest -->
      </class> <!-- appleTesting.IphoneTestcase -->
    </test> <!-- Default test -->
  </suite> <!-- Default suite -->
</testng-results>
